{
  "stats": {
    "suites": 1,
    "tests": 1,
    "passes": 0,
    "pending": 0,
    "failures": 1,
    "start": "2024-09-26T07:22:07.957Z",
    "end": "2024-09-26T07:22:16.948Z",
    "duration": 8991,
    "testsRegistered": 1,
    "passPercent": 0,
    "pendingPercent": 0,
    "other": 0,
    "hasOther": false,
    "skipped": 0,
    "hasSkipped": false
  },
  "results": [
    {
      "uuid": "706daded-ff47-4022-b511-bec692e21af3",
      "title": "",
      "fullFile": "cypress/e2e/tests/addToCart.cy.js",
      "file": "cypress/e2e/tests/addToCart.cy.js",
      "beforeHooks": [],
      "afterHooks": [],
      "tests": [],
      "suites": [
        {
          "uuid": "5c08e881-d17d-438f-a095-d845ca61aa95",
          "title": "Add to cart flow",
          "fullFile": "",
          "file": "",
          "beforeHooks": [],
          "afterHooks": [],
          "tests": [
            {
              "title": "add to cart",
              "fullTitle": "Add to cart flow add to cart",
              "timedOut": null,
              "duration": 7361,
              "state": "failed",
              "speed": null,
              "pass": false,
              "fail": true,
              "pending": false,
              "context": "{\n  \"title\": \"cypress-mochawesome-reporter-screenshots\",\n  \"value\": [\n    [\n      \"/addToCart.cy.js/Add to cart flow -- add to cart (failed).png\"\n    ]\n  ]\n}",
              "code": "homePageObj.searchProduct(_testData.default.product.productName);\nhomePageObj.addToCart();\nhomePageObj.verifySucessMessage().should('contain', _testData.default.message.SucessMessage);",
              "err": {
                "message": "AssertionError: Timed out retrying after 4000ms: Expected to find element: `.alert.alert-success.alert-dismissible oooooo`, but never found it.",
                "estack": "AssertionError: Timed out retrying after 4000ms: Expected to find element: `.alert.alert-success.alert-dismissible oooooo`, but never found it.\n    at Context.eval (webpack://m-aug-24-cypress/./cypress/e2e/tests/addToCart.cy.js:21:42)",
                "diff": null
              },
              "uuid": "8c1e7518-5dd1-40ea-a816-9483a3358948",
              "parentUUID": "5c08e881-d17d-438f-a095-d845ca61aa95",
              "isHook": false,
              "skipped": false
            }
          ],
          "suites": [],
          "passes": [],
          "failures": [
            "8c1e7518-5dd1-40ea-a816-9483a3358948"
          ],
          "pending": [],
          "skipped": [],
          "duration": 7361,
          "root": false,
          "rootEmpty": false,
          "_timeout": 2000
        }
      ],
      "passes": [],
      "failures": [],
      "pending": [],
      "skipped": [],
      "duration": 0,
      "root": true,
      "rootEmpty": true,
      "_timeout": 2000
    }
  ],
  "meta": {
    "mocha": {
      "version": "7.0.1"
    },
    "mochawesome": {
      "options": {
        "quiet": false,
        "reportFilename": "report",
        "saveHtml": true,
        "saveJson": true,
        "consoleReporter": "spec",
        "useInlineDiffs": false,
        "code": true
      },
      "version": "7.1.3"
    },
    "marge": {
      "options": {
        "reportDir": "cypress/reports",
        "overwrite": false,
        "html": true,
        "json": true,
        "reportFilename": "report"
      },
      "version": "6.2.0"
    }
  }
}