{
  "stats": {
    "suites": 1,
    "tests": 1,
    "passes": 1,
    "pending": 0,
    "failures": 0,
    "start": "2024-09-26T07:22:17.999Z",
    "end": "2024-09-26T07:22:22.306Z",
    "duration": 4307,
    "testsRegistered": 1,
    "passPercent": 100,
    "pendingPercent": 0,
    "other": 0,
    "hasOther": false,
    "skipped": 0,
    "hasSkipped": false
  },
  "results": [
    {
      "uuid": "53ca128d-b367-4e75-9805-04c20381e902",
      "title": "",
      "fullFile": "cypress/e2e/tests/registerTest.cy.js",
      "file": "cypress/e2e/tests/registerTest.cy.js",
      "beforeHooks": [],
      "afterHooks": [],
      "tests": [],
      "suites": [
        {
          "uuid": "74799f09-7557-4e28-86a2-63a8cc1b591b",
          "title": "test automation",
          "fullFile": "",
          "file": "",
          "beforeHooks": [],
          "afterHooks": [],
          "tests": [
            {
              "title": "register flow",
              "fullTitle": "test automation register flow",
              "timedOut": null,
              "duration": 3227,
              "state": "passed",
              "speed": "fast",
              "pass": true,
              "fail": false,
              "pending": false,
              "context": null,
              "code": "regesterObj.openURL();\nregesterObj.enterFirstName(_registerData.default.firstName);\nregesterObj.enterLastName(_registerData.default.lastName);\nregesterObj.enterEmail(_registerData.default.email);\nregesterObj.enterTelephone(_registerData.default.telephone);\nregesterObj.enterPassword(_registerData.default.password);\nregesterObj.selectCheckbox();\nregesterObj.clickOnContinue();",
              "err": {},
              "uuid": "d0352699-681b-4d01-9437-8a753febed37",
              "parentUUID": "74799f09-7557-4e28-86a2-63a8cc1b591b",
              "isHook": false,
              "skipped": false
            }
          ],
          "suites": [],
          "passes": [
            "d0352699-681b-4d01-9437-8a753febed37"
          ],
          "failures": [],
          "pending": [],
          "skipped": [],
          "duration": 3227,
          "root": false,
          "rootEmpty": false,
          "_timeout": 2000
        }
      ],
      "passes": [],
      "failures": [],
      "pending": [],
      "skipped": [],
      "duration": 0,
      "root": true,
      "rootEmpty": true,
      "_timeout": 2000
    }
  ],
  "meta": {
    "mocha": {
      "version": "7.0.1"
    },
    "mochawesome": {
      "options": {
        "quiet": false,
        "reportFilename": "report",
        "saveHtml": true,
        "saveJson": true,
        "consoleReporter": "spec",
        "useInlineDiffs": false,
        "code": true
      },
      "version": "7.1.3"
    },
    "marge": {
      "options": {
        "reportDir": "cypress/reports",
        "overwrite": false,
        "html": true,
        "json": true,
        "reportFilename": "report"
      },
      "version": "6.2.0"
    }
  }
}